cmd not found: for non empty cmds add check in executor
invalid file descriptors: in executor


delete parent dir after cd into it







//don't touch, it's from tester )))))
env | sort | grep -v SHLVL | grep -v ^_
cat ./test_files/infile_big | grep oi
cat minishell.h | grep ");"$






ğŸğŸğŸğŸğŸğŸğŸğŸğŸğŸğŸğŸğŸğŸğŸğŸğŸğŸğŸğŸğŸğŸğŸğŸğŸğŸğŸğŸğŸğŸğŸğŸğŸğŸğŸğŸğŸğŸğŸğŸğŸ
ğŸ                                    RESULT                                    ğŸ
ğŸğŸğŸğŸğŸğŸğŸğŸğŸğŸğŸğŸğŸğŸğŸğŸğŸğŸğŸğŸğŸğŸğŸğŸğŸğŸğŸğŸğŸğŸğŸğŸğŸğŸğŸğŸğŸğŸğŸğŸğŸ
                     TOTAL TEST COUNT: 986  TESTS PASSED: 425
             STD_OUT: 204  STD_ERR: 442  EXIT_CODE: 172  CRASHING: 19
                          TOTAL FAILED AND PASSED CASES:
                                      âŒ 837 
                                      âœ… 2140 
ğŸğŸğŸğŸğŸğŸğŸğŸğŸğŸğŸğŸğŸğŸğŸğŸğŸğŸğŸğŸğŸğŸğŸğŸğŸğŸğŸğŸğŸğŸğŸğŸğŸğŸğŸğŸğŸğŸğŸğŸğŸ
ğŸ                                    RESULT                                    ğŸ
ğŸğŸğŸğŸğŸğŸğŸğŸğŸğŸğŸğŸğŸğŸğŸğŸğŸğŸğŸğŸğŸğŸğŸğŸğŸğŸğŸğŸğŸğŸğŸğŸğŸğŸğŸğŸğŸğŸğŸğŸğŸ
                     TOTAL TEST COUNT: 986  TESTS PASSED: 429
             STD_OUT: 204  STD_ERR: 439  EXIT_CODE: 171  CRASHING: 19
                          TOTAL FAILED AND PASSED CASES:
                                      âŒ 833 
                                      âœ… 2144 
ğŸğŸğŸğŸğŸğŸğŸğŸğŸğŸğŸğŸğŸğŸğŸğŸğŸğŸğŸğŸğŸğŸğŸğŸğŸğŸğŸğŸğŸğŸğŸğŸğŸğŸğŸğŸğŸğŸğŸğŸğŸ
ğŸ                                    RESULT                                    ğŸ
ğŸğŸğŸğŸğŸğŸğŸğŸğŸğŸğŸğŸğŸğŸğŸğŸğŸğŸğŸğŸğŸğŸğŸğŸğŸğŸğŸğŸğŸğŸğŸğŸğŸğŸğŸğŸğŸğŸğŸğŸğŸ
                     TOTAL TEST COUNT: 986  TESTS PASSED: 495
             STD_OUT: 204  STD_ERR: 364  EXIT_CODE: 170  CRASHING: 19
                          TOTAL FAILED AND PASSED CASES:
                                      âŒ 757 
                                      âœ… 2220 
ğŸğŸğŸğŸğŸğŸğŸğŸğŸğŸğŸğŸğŸğŸğŸğŸğŸğŸğŸğŸğŸğŸğŸğŸğŸğŸğŸğŸğŸğŸğŸğŸğŸğŸğŸğŸğŸğŸğŸğŸğŸ
ğŸ                                    RESULT                                    ğŸ
ğŸğŸğŸğŸğŸğŸğŸğŸğŸğŸğŸğŸğŸğŸğŸğŸğŸğŸğŸğŸğŸğŸğŸğŸğŸğŸğŸğŸğŸğŸğŸğŸğŸğŸğŸğŸğŸğŸğŸğŸğŸ
                     TOTAL TEST COUNT: 986  TESTS PASSED: 510
             STD_OUT: 189  STD_ERR: 365  EXIT_CODE: 172  CRASHING: 19
                          TOTAL FAILED AND PASSED CASES:
                                      âŒ 745 
                                      âœ… 2232 
                                      ğŸğŸğŸğŸğŸğŸğŸğŸğŸğŸğŸğŸğŸğŸğŸğŸğŸğŸğŸğŸğŸğŸğŸğŸğŸğŸğŸğŸğŸğŸğŸğŸğŸğŸğŸğŸğŸğŸğŸğŸğŸ
ğŸ                                    RESULT                                    ğŸ
ğŸğŸğŸğŸğŸğŸğŸğŸğŸğŸğŸğŸğŸğŸğŸğŸğŸğŸğŸğŸğŸğŸğŸğŸğŸğŸğŸğŸğŸğŸğŸğŸğŸğŸğŸğŸğŸğŸğŸğŸğŸ
                     TOTAL TEST COUNT: 986  TESTS PASSED: 571
             STD_OUT: 189  STD_ERR: 296  EXIT_CODE: 151  CRASHING: 15
                          TOTAL FAILED AND PASSED CASES:
                                      âŒ 651 
                                      âœ… 2322 
ğŸğŸğŸğŸğŸğŸğŸğŸğŸğŸğŸğŸğŸğŸğŸğŸğŸğŸğŸğŸğŸğŸğŸğŸğŸğŸğŸğŸğŸğŸğŸğŸğŸğŸğŸğŸğŸğŸğŸğŸğŸ
ğŸ                                    RESULT                                    ğŸ
ğŸğŸğŸğŸğŸğŸğŸğŸğŸğŸğŸğŸğŸğŸğŸğŸğŸğŸğŸğŸğŸğŸğŸğŸğŸğŸğŸğŸğŸğŸğŸğŸğŸğŸğŸğŸğŸğŸğŸğŸğŸ
                     TOTAL TEST COUNT: 986  TESTS PASSED: 579
             STD_OUT: 184  STD_ERR: 289  EXIT_CODE: 151  CRASHING: 15
                          TOTAL FAILED AND PASSED CASES:
                                      âŒ 639 
                                      âœ… 2334 




parent
cd
export with args
unset
exit

child
export without args
pwd
env
echo

ğŸğŸğŸğŸğŸğŸğŸğŸğŸğŸğŸğŸğŸğŸğŸğŸğŸğŸğŸğŸğŸğŸğŸğŸğŸğŸğŸğŸğŸğŸğŸğŸğŸğŸğŸğŸğŸğŸğŸğŸğŸ
ğŸ                                    RESULT                                    ğŸ
ğŸğŸğŸğŸğŸğŸğŸğŸğŸğŸğŸğŸğŸğŸğŸğŸğŸğŸğŸğŸğŸğŸğŸğŸğŸğŸğŸğŸğŸğŸğŸğŸğŸğŸğŸğŸğŸğŸğŸğŸğŸ
                     TOTAL TEST COUNT: 986  TESTS PASSED: 613
              STD_OUT: 125  STD_ERR: 162  EXIT_CODE: 249  CRASHING: 1
                          TOTAL FAILED AND PASSED CASES:
                                      âŒ 537 
                                      âœ… 2422 
ğŸğŸğŸğŸğŸğŸğŸğŸğŸğŸğŸğŸğŸğŸğŸğŸğŸğŸğŸğŸğŸğŸğŸğŸğŸğŸğŸğŸğŸğŸğŸğŸğŸğŸğŸğŸğŸğŸğŸğŸğŸ
ğŸ                                    RESULT                                    ğŸ
ğŸğŸğŸğŸğŸğŸğŸğŸğŸğŸğŸğŸğŸğŸğŸğŸğŸğŸğŸğŸğŸğŸğŸğŸğŸğŸğŸğŸğŸğŸğŸğŸğŸğŸğŸğŸğŸğŸğŸğŸğŸ
                     TOTAL TEST COUNT: 986  TESTS PASSED: 740
              STD_OUT: 123  STD_ERR: 161  EXIT_CODE: 111  CRASHING: 1
                          TOTAL FAILED AND PASSED CASES:
                                      âŒ 396 
                                      âœ… 2563 

240125
ğŸğŸğŸğŸğŸğŸğŸğŸğŸğŸğŸğŸğŸğŸğŸğŸğŸğŸğŸğŸğŸğŸğŸğŸğŸğŸğŸğŸğŸğŸğŸğŸğŸğŸğŸğŸğŸğŸğŸğŸğŸ
ğŸ                                    RESULT                                    ğŸ
ğŸğŸğŸğŸğŸğŸğŸğŸğŸğŸğŸğŸğŸğŸğŸğŸğŸğŸğŸğŸğŸğŸğŸğŸğŸğŸğŸğŸğŸğŸğŸğŸğŸğŸğŸğŸğŸğŸğŸğŸğŸ
                     TOTAL TEST COUNT: 986  TESTS PASSED: 802
               STD_OUT: 62  STD_ERR: 148  EXIT_CODE: 70  CRASHING: 1
                          TOTAL FAILED AND PASSED CASES:
                                      âŒ 281 
                                      âœ… 2678 


export done
ğŸğŸğŸğŸğŸğŸğŸğŸğŸğŸğŸğŸğŸğŸğŸğŸğŸğŸğŸğŸğŸğŸğŸğŸğŸğŸğŸğŸğŸğŸğŸğŸğŸğŸğŸğŸğŸğŸğŸğŸğŸ
ğŸ                                    RESULT                                    ğŸ
ğŸğŸğŸğŸğŸğŸğŸğŸğŸğŸğŸğŸğŸğŸğŸğŸğŸğŸğŸğŸğŸğŸğŸğŸğŸğŸğŸğŸğŸğŸğŸğŸğŸğŸğŸğŸğŸğŸğŸğŸğŸ
                     TOTAL TEST COUNT: 986  TESTS PASSED: 834
               STD_OUT: 50  STD_ERR: 123  EXIT_CODE: 54  CRASHING: 0
                          TOTAL FAILED AND PASSED CASES:
                                      âŒ 227 
                                      âœ… 2731 

echo done
ğŸğŸğŸğŸğŸğŸğŸğŸğŸğŸğŸğŸğŸğŸğŸğŸğŸğŸğŸğŸğŸğŸğŸğŸğŸğŸğŸğŸğŸğŸğŸğŸğŸğŸğŸğŸğŸğŸğŸğŸğŸ
ğŸ                                    RESULT                                    ğŸ
ğŸğŸğŸğŸğŸğŸğŸğŸğŸğŸğŸğŸğŸğŸğŸğŸğŸğŸğŸğŸğŸğŸğŸğŸğŸğŸğŸğŸğŸğŸğŸğŸğŸğŸğŸğŸğŸğŸğŸğŸğŸ
                     TOTAL TEST COUNT: 986  TESTS PASSED: 842
               STD_OUT: 44  STD_ERR: 128  EXIT_CODE: 60  CRASHING: 0
                          TOTAL FAILED AND PASSED CASES:
                                      âŒ 232 
                                      âœ… 2726 

ğŸğŸğŸğŸğŸğŸğŸğŸğŸğŸğŸğŸğŸğŸğŸğŸğŸğŸğŸğŸğŸğŸğŸğŸğŸğŸğŸğŸğŸğŸğŸğŸğŸğŸğŸğŸğŸğŸğŸğŸğŸ
ğŸ                                    RESULT                                    ğŸ
ğŸğŸğŸğŸğŸğŸğŸğŸğŸğŸğŸğŸğŸğŸğŸğŸğŸğŸğŸğŸğŸğŸğŸğŸğŸğŸğŸğŸğŸğŸğŸğŸğŸğŸğŸğŸğŸğŸğŸğŸğŸ
                     TOTAL TEST COUNT: 986  TESTS PASSED: 854
               STD_OUT: 39  STD_ERR: 123  EXIT_CODE: 61  CRASHING: 0
                          TOTAL FAILED AND PASSED CASES:
                                      âŒ 223 
                                      âœ… 2735

Ambiguous Redirects is only +1 test, can be left for later. Need to make executor
more easy to moderate and find a way to make panic clear out memory before exiting.
Basic signals implemented, can be implemented better after everything is done.


ğŸğŸğŸğŸğŸğŸğŸğŸğŸğŸğŸğŸğŸğŸğŸğŸğŸğŸğŸğŸğŸğŸğŸğŸğŸğŸğŸğŸğŸğŸğŸğŸğŸğŸğŸğŸğŸğŸğŸğŸğŸ
ğŸ                                    RESULT                                    ğŸ
ğŸğŸğŸğŸğŸğŸğŸğŸğŸğŸğŸğŸğŸğŸğŸğŸğŸğŸğŸğŸğŸğŸğŸğŸğŸğŸğŸğŸğŸğŸğŸğŸğŸğŸğŸğŸğŸğŸğŸğŸğŸ
                     TOTAL TEST COUNT: 986  TESTS PASSED: 922
               STD_OUT: 22  STD_ERR: 56  EXIT_CODE: 23  CRASHING: 0
                          TOTAL FAILED AND PASSED CASES:
                                      âŒ 101 
                                      âœ… 2857 

after heredoc and fixed directory test
ğŸğŸğŸğŸğŸğŸğŸğŸğŸğŸğŸğŸğŸğŸğŸğŸğŸğŸğŸğŸğŸğŸğŸğŸğŸğŸğŸğŸğŸğŸğŸğŸğŸğŸğŸğŸğŸğŸğŸğŸğŸ
ğŸ                                    RESULT                                    ğŸ
ğŸğŸğŸğŸğŸğŸğŸğŸğŸğŸğŸğŸğŸğŸğŸğŸğŸğŸğŸğŸğŸğŸğŸğŸğŸğŸğŸğŸğŸğŸğŸğŸğŸğŸğŸğŸğŸğŸğŸğŸğŸ
                     TOTAL TEST COUNT: 986  TESTS PASSED: 960
                STD_OUT: 11  STD_ERR: 15  EXIT_CODE: 5  CRASHING: 0
                          TOTAL FAILED AND PASSED CASES:
                                      âŒ 31 
                                      âœ… 2927 
fixed some minor errors
ğŸğŸğŸğŸğŸğŸğŸğŸğŸğŸğŸğŸğŸğŸğŸğŸğŸğŸğŸğŸğŸğŸğŸğŸğŸğŸğŸğŸğŸğŸğŸğŸğŸğŸğŸğŸğŸğŸğŸğŸğŸ
ğŸ                                    RESULT                                    ğŸ
ğŸğŸğŸğŸğŸğŸğŸğŸğŸğŸğŸğŸğŸğŸğŸğŸğŸğŸğŸğŸğŸğŸğŸğŸğŸğŸğŸğŸğŸğŸğŸğŸğŸğŸğŸğŸğŸğŸğŸğŸğŸ
                     TOTAL TEST COUNT: 986  TESTS PASSED: 967
                STD_OUT: 10  STD_ERR: 11  EXIT_CODE: 3  CRASHING: 0
                          TOTAL FAILED AND PASSED CASES:
                                      âŒ 24 
                                      âœ… 2934 


echo hi > out > out2 << EOF | cat | << HI